<?xml version='1.0' encoding='UTF-8' ?>
<testsuite name="com.android.build.gradle.internal.testing.ConnectedDevice" tests="1" failures="1" errors="0" skipped="0" time="204.72" timestamp="2021-08-01T18:21:03" hostname="localhost">
  <properties>
    <property name="device" value="moto g(8) play - 9" />
    <property name="flavor" value="" />
    <property name="project" value="app" />
  </properties>
  <testcase name="No tests found." classname="com.android.build.gradle.internal.testing.ConnectedDevice" time="0.0">
    <failure>No tests found. This usually means that your test classes are not in the form that your test runner expects (e.g. don't inherit from TestCase or lack &#64;Test annotations).</failure>
  </testcase>
</testsuite>